<?xml version="1.0" encoding="UTF-8"?>
<!-- Generated by org.testng.reporters.JUnitReportReporter -->
<testsuite skipped="0" hostname="DESKTOP-LNN4BDH" name="MyTests.QuickRow2Test" tests="2" failures="0" timestamp="2022-01-09T16:56:04 IST" time="9.847" errors="0">
  <testcase name="openwindow" time="9.721" classname="MyTests.QuickRow2Test"/>
  <testcase name="Alerts" time="0.126" classname="MyTests.QuickRow2Test"/>
</testsuite> <!-- MyTests.QuickRow2Test -->
