<?xml version="1.0" encoding="UTF-8"?>
<!-- Generated by org.testng.reporters.JUnitReportReporter -->
<testsuite skipped="0" hostname="DESKTOP-LNN4BDH" name="MyTests.Quicktest1" tests="4" failures="0" timestamp="2022-01-09T19:21:51 IST" time="3.693" errors="0">
  <testcase name="suggestiveTestBox" time="2.440" classname="MyTests.Quicktest1"/>
  <testcase name="radioButtun" time="0.619" classname="MyTests.Quicktest1"/>
  <testcase name="checkbox" time="0.236" classname="MyTests.Quicktest1"/>
  <testcase name="selectDropdown" time="0.398" classname="MyTests.Quicktest1"/>
</testsuite> <!-- MyTests.Quicktest1 -->
